{
  "RSpec": {
    "coverage": {
      "/Users/ramkumar/Polygon/lib/polygon.rb": [
        1,
        null,
        null,
        1,
        1
      ],
      "/Users/ramkumar/Polygon/lib/polygon/rectangle.rb": [
        null,
        1,
        1,
        2,
        2,
        null,
        null,
        1,
        2,
        null,
        null
      ],
      "/Users/ramkumar/Polygon/lib/polygon/length.rb": [
        null,
        1,
        1,
        1,
        1,
        1,
        null,
        1,
        10,
        10,
        null,
        null,
        1,
        10,
        null,
        null,
        1,
        2,
        2,
        null,
        null,
        1,
        0,
        null,
        null,
        1,
        2,
        null,
        null,
        1,
        2,
        null,
        1,
        null
      ],
      "/Users/ramkumar/Polygon/spec/rectangle_spec.rb": [
        1,
        null,
        1,
        1,
        1,
        1,
        1,
        1,
        1,
        null,
        null,
        1,
        1,
        1,
        1,
        1,
        1,
        null,
        null,
        null
      ]
    },
    "timestamp": 1433493486
  }
}
