{
  "RSpec": {
    "coverage": {
      "/Users/ramkumar/Polygon/lib/polygon.rb": [
        1,
        null,
        null,
        1,
        1
      ],
      "/Users/ramkumar/Polygon/lib/polygon/rectangle.rb": [
        null,
        1,
        1,
        0,
        0,
        null,
        null,
        1,
        0,
        null,
        null
      ],
      "/Users/ramkumar/Polygon/lib/polygon/length.rb": [
        null,
        1,
        1,
        1,
        1,
        1,
        null,
        1,
        17,
        17,
        null,
        null,
        1,
        16,
        null,
        null,
        1,
        5,
        4,
        null,
        null,
        1,
        4,
        null,
        null,
        1,
        1,
        null,
        null,
        1,
        1,
        null,
        1,
        null
      ],
      "/Users/ramkumar/Polygon/spec/length_spec.rb": [
        1,
        null,
        1,
        null,
        1,
        null,
        1,
        1,
        1,
        1,
        null,
        null,
        1,
        1,
        1,
        1,
        null,
        null,
        1,
        1,
        1,
        1,
        null,
        null,
        null,
        1,
        1,
        1,
        1,
        1,
        null,
        null,
        1,
        1,
        1,
        1,
        null,
        null,
        null,
        1,
        1,
        1,
        1,
        null,
        null,
        null,
        1,
        1,
        1,
        1,
        1,
        1,
        null,
        null,
        null,
        1,
        1,
        1,
        1,
        1,
        null,
        null,
        null,
        null
      ]
    },
    "timestamp": 1433489090
  }
}
